java.lang.IllegalArgumentException: Illegal character in query at index 70: http://localhost:8080/login?userName=duynp2006&password=password&id=1x`
	at java.base/java.net.URI.create(URI.java:932)
	at org.javamaster.httpclient.HttpRequestEnum.createBuilder$HttpRequest(HttpRequestEnum.kt:163)
	at org.javamaster.httpclient.HttpRequestEnum$GET.createRequest(HttpRequestEnum.kt:37)
	at org.javamaster.httpclient.HttpRequestEnum.execute(HttpRequestEnum.kt:190)
	at org.javamaster.httpclient.dashboard.HttpProcessHandler.handleHttp(HttpProcessHandler.kt:539)
	at org.javamaster.httpclient.dashboard.HttpProcessHandler.startHandleRequest(HttpProcessHandler.kt:231)
	at org.javamaster.httpclient.dashboard.HttpProcessHandler.startRequest$lambda$5(HttpProcessHandler.kt:187)
	at org.javamaster.httpclient.background.HttpBackground$Companion$runInBackgroundReadActionAsync$1$1$1.invoke(HttpBackground.kt:40)
	at org.javamaster.httpclient.background.HttpBackground$Companion$runInBackgroundReadActionAsync$1$1$1.invoke(HttpBackground.kt:38)
	at com.intellij.openapi.application.ActionsKt.invokeLater$lambda$5(actions.kt:57)
	at com.intellij.openapi.application.TransactionGuardImpl.runWithWritingAllowed(TransactionGuardImpl.java:240)
	at com.intellij.openapi.application.TransactionGuardImpl.access$100(TransactionGuardImpl.java:26)
	at com.intellij.openapi.application.TransactionGuardImpl$1.run(TransactionGuardImpl.java:202)
	at com.intellij.openapi.application.impl.AppImplKt$runnableUnitFunction$1.invoke(appImpl.kt:104)
	at com.intellij.openapi.application.impl.AppImplKt$runnableUnitFunction$1.invoke(appImpl.kt:104)
	at com.intellij.platform.locking.impl.NestedLocksThreadingSupport.doRunWriteIntentReadAction(NestedLocksThreadingSupport.kt:666)
	at com.intellij.platform.locking.impl.NestedLocksThreadingSupport.runPreventiveWriteIntentReadAction(NestedLocksThreadingSupport.kt:640)
	at com.intellij.platform.locking.impl.NestedLocksThreadingSupport.runWriteIntentReadAction(NestedLocksThreadingSupport.kt:633)
	at com.intellij.openapi.application.impl.ApplicationImpl.runIntendedWriteActionOnCurrentThread(ApplicationImpl.java:1022)
	at com.intellij.openapi.application.impl.ApplicationImpl$6.run(ApplicationImpl.java:574)
	at com.intellij.util.concurrency.ChildContext$runInChildContext$1.invoke(propagation.kt:167)
	at com.intellij.util.concurrency.ChildContext$runInChildContext$1.invoke(propagation.kt:167)
	at com.intellij.util.concurrency.ChildContext.runInChildContext(propagation.kt:173)
	at com.intellij.util.concurrency.ChildContext.runInChildContext(propagation.kt:167)
	at com.intellij.util.concurrency.ContextRunnable.run(ContextRunnable.java:27)
	at com.intellij.openapi.application.impl.FlushQueue.runNextEvent(FlushQueue.java:122)
	at com.intellij.openapi.application.impl.FlushQueue.flushNow(FlushQueue.java:43)
	at java.desktop/java.awt.event.InvocationEvent.dispatch(InvocationEvent.java:318)
	at java.desktop/java.awt.EventQueue.dispatchEventImpl(EventQueue.java:781)
	at java.desktop/java.awt.EventQueue$4.run(EventQueue.java:728)
	at java.desktop/java.awt.EventQueue$4.run(EventQueue.java:722)
	at java.base/java.security.AccessController.doPrivileged(AccessController.java:400)
	at java.base/java.security.ProtectionDomain$JavaSecurityAccessImpl.doIntersectionPrivilege(ProtectionDomain.java:87)
	at java.desktop/java.awt.EventQueue.dispatchEvent(EventQueue.java:750)
	at com.intellij.ide.IdeEventQueue.defaultDispatchEvent(IdeEventQueue.kt:595)
	at com.intellij.ide.IdeEventQueue._dispatchEvent(IdeEventQueue.kt:488)
	at com.intellij.ide.IdeEventQueue.dispatchEvent$lambda$12$lambda$11$lambda$10$lambda$9(IdeEventQueue.kt:313)
	at com.intellij.openapi.progress.impl.CoreProgressManager.computePrioritized(CoreProgressManager.java:865)
	at com.intellij.ide.IdeEventQueue.dispatchEvent$lambda$12$lambda$11$lambda$10(IdeEventQueue.kt:312)
	at com.intellij.ide.IdeEventQueueKt.performActivity$lambda$3(IdeEventQueue.kt:974)
	at com.intellij.openapi.application.TransactionGuardImpl.performActivity(TransactionGuardImpl.java:110)
	at com.intellij.ide.IdeEventQueueKt.performActivity(IdeEventQueue.kt:974)
	at com.intellij.ide.IdeEventQueue.dispatchEvent$lambda$12(IdeEventQueue.kt:307)
	at com.intellij.ide.IdeEventQueue.dispatchEvent(IdeEventQueue.kt:347)
	at java.desktop/java.awt.EventDispatchThread.pumpOneEventForFilters(EventDispatchThread.java:207)
	at java.desktop/java.awt.EventDispatchThread.pumpEventsForFilter(EventDispatchThread.java:128)
	at java.desktop/java.awt.EventDispatchThread.pumpEventsForHierarchy(EventDispatchThread.java:117)
	at java.desktop/java.awt.EventDispatchThread.pumpEvents(EventDispatchThread.java:113)
	at java.desktop/java.awt.EventDispatchThread.pumpEvents(EventDispatchThread.java:105)
	at java.desktop/java.awt.EventDispatchThread.run(EventDispatchThread.java:92)
Caused by: java.net.URISyntaxException: Illegal character in query at index 70: http://localhost:8080/login?userName=duynp2006&password=password&id=1x`
	at java.base/java.net.URI$Parser.fail(URI.java:2995)
	at java.base/java.net.URI$Parser.checkChars(URI.java:3166)
	at java.base/java.net.URI$Parser.parseHierarchical(URI.java:3254)
	at java.base/java.net.URI$Parser.parse(URI.java:3196)
	at java.base/java.net.URI.<init>(URI.java:645)
	at java.base/java.net.URI.create(URI.java:930)
	... 49 more
